<?xml version="1.0" encoding="UTF-8"?>
<testsuite name="Cucumber" time="13.31" tests="2" skipped="0" failures="0" errors="0">
<testcase classname="Rediff Sign-in" name="Login with correct username and correct password - Example #1.1" time="6.647">
<system-out><![CDATA[
Given I navigate to the sign-in page........................................passed
When I click the sig-in button..............................................passed
And enter "aswin" in the username field.....................................passed
And enter "aswin1234" in the password field.................................passed
And clicks the signin button................................................passed
Then user should be logged successfully.....................................passed
]]></system-out>
</testcase>
<testcase classname="Rediff Sign-in" name="Login with correct username and correct password - Example #1.2" time="6.527">
<system-out><![CDATA[
Given I navigate to the sign-in page........................................passed
When I click the sig-in button..............................................passed
And enter "daksanya" in the username field..................................passed
And enter "dak1234" in the password field...................................passed
And clicks the signin button................................................passed
Then user should be logged successfully.....................................passed
]]></system-out>
</testcase>
</testsuite>
