<?xml version="1.0" encoding="UTF-8"?>
<!-- Generated by org.testng.reporters.JUnitReportReporter -->
<testsuite hostname="DESKTOP-Q9L67T7" failures="0" tests="2" name="com.wipro.Stepdef.TestRunner" time="22.751" errors="0" timestamp="2025-03-06T15:48:27 IST" skipped="0">
  <testcase classname="com.wipro.Stepdef.TestRunner" name="runScenario" time="10.998"/>
  <testcase classname="com.wipro.Stepdef.TestRunner" name="runScenario" time="11.753"/>
</testsuite> <!-- com.wipro.Stepdef.TestRunner -->
