<?xml version="1.0" encoding="UTF-8"?>
<!-- Generated by org.testng.reporters.JUnitReportReporter -->
<testsuite hostname="DESKTOP-Q9L67T7" failures="0" tests="2" name="com.wipro.Stepdef.SigninTestRunner" time="0.084" errors="2" timestamp="2025-03-08T09:37:44 IST" skipped="0">
  <testcase classname="com.wipro.Stepdef.SigninTestRunner" name="runScenario" time="0.074">
    <error message="Cannot invoke &quot;org.openqa.selenium.WebDriver.get(String)&quot; because &quot;com.wipro.Stepdef.SigninStepDiff.driver&quot; is null" type="java.lang.NullPointerException">
      <![CDATA[java.lang.NullPointerException: Cannot invoke "org.openqa.selenium.WebDriver.get(String)" because "com.wipro.Stepdef.SigninStepDiff.driver" is null
at com.wipro.Stepdef.SigninStepDiff.i_navigate_to_the_sign_in_page(SigninStepDiff.java:14)
at ✽.I navigate to the sign-in page(file:///E:/workspace/RedDiffBdd/src/test/resources/feature/Signin.feature:3)
]]>
    </error>
  </testcase> <!-- runScenario -->
  <testcase classname="com.wipro.Stepdef.SigninTestRunner" name="runScenario" time="0.010">
    <error message="Cannot invoke &quot;org.openqa.selenium.WebDriver.get(String)&quot; because &quot;com.wipro.Stepdef.SigninStepDiff.driver&quot; is null" type="java.lang.NullPointerException">
      <![CDATA[java.lang.NullPointerException: Cannot invoke "org.openqa.selenium.WebDriver.get(String)" because "com.wipro.Stepdef.SigninStepDiff.driver" is null
at com.wipro.Stepdef.SigninStepDiff.i_navigate_to_the_sign_in_page(SigninStepDiff.java:14)
at ✽.I navigate to the sign-in page(file:///E:/workspace/RedDiffBdd/src/test/resources/feature/Signin.feature:3)
]]>
    </error>
  </testcase> <!-- runScenario -->
</testsuite> <!-- com.wipro.Stepdef.SigninTestRunner -->
